<?xml version="1.0" encoding="UTF-8"?>
<!-- Generated by org.testng.reporters.JUnitReportReporter -->
<testsuite hostname="LAPTOP-7099IJKT" failures="1" tests="1" name="test.runner.FailedTestRunner" time="12.388" errors="0" timestamp="2024-06-10T22:44:38 IST" skipped="0">
  <testcase classname="test.runner.FailedTestRunner" name="runScenario" time="12.388">
    <failure message="expected [Beetroot] but found [No data]" type="java.lang.AssertionError">
      <![CDATA[java.lang.AssertionError: expected [Beetroot] but found [No data]
at org.testng.Assert.fail(Assert.java:111)
at org.testng.Assert.failNotEquals(Assert.java:1578)
at org.testng.Assert.assertEqualsImpl(Assert.java:150)
at org.testng.Assert.assertEquals(Assert.java:132)
at org.testng.Assert.assertEquals(Assert.java:656)
at org.testng.Assert.assertEquals(Assert.java:666)
at stepDefinitions.OfferPageStepDefinition.validate_product(OfferPageStepDefinition.java:48)
at ✽.Validate product in Offers Page matches with Landing Page(file:///C:/Users/Geetha%20Chanda/eclipse-workspace/CucumberFramework/src/test/java/features/searchProduct.feature:7)
]]>
    </failure>
  </testcase> <!-- runScenario -->
</testsuite> <!-- test.runner.FailedTestRunner -->
