<?xml version="1.0" encoding="UTF-8"?>
<!-- Generated by org.testng.reporters.JUnitReportReporter -->
<testsuite hostname="LAPTOP-7099IJKT" failures="1" tests="3" name="test.runner.TestNGTestRunner" time="33.330" errors="0" timestamp="2024-06-11T16:11:56 IST" skipped="0">
  <testcase classname="test.runner.TestNGTestRunner" name="runScenario" time="11.406"/>
  <testcase classname="test.runner.TestNGTestRunner" name="runScenario" time="10.944"/>
  <testcase classname="test.runner.TestNGTestRunner" name="runScenario" time="10.980">
    <failure message="expected [Beetroot] but found [No data]" type="java.lang.AssertionError">
      <![CDATA[java.lang.AssertionError: expected [Beetroot] but found [No data]
at org.testng.Assert.fail(Assert.java:111)
at org.testng.Assert.failNotEquals(Assert.java:1578)
at org.testng.Assert.assertEqualsImpl(Assert.java:150)
at org.testng.Assert.assertEquals(Assert.java:132)
at org.testng.Assert.assertEquals(Assert.java:656)
at org.testng.Assert.assertEquals(Assert.java:666)
at stepDefinitions.OfferPageStepDefinition.validate_product(OfferPageStepDefinition.java:48)
at ✽.Validate product in Offers Page matches with Landing Page(file:///C:/Users/Geetha%20Chanda/eclipse-workspace/CucumberFramework/src/test/java/features/searchProduct.feature:7)
]]>
    </failure>
  </testcase> <!-- runScenario -->
</testsuite> <!-- test.runner.TestNGTestRunner -->
